7/22/2018 6:57:31 AM - 


7/22/2018 6:57:31 AM - Duplicate Check >> Shop : 1162 User Name :   with no. of customers : 1567

7/22/2018 6:57:31 AM - got customer with identifire for :  

7/22/2018 6:57:31 AM - 


7/22/2018 6:57:31 AM - update Method Starts for shop : 1162 old User : 2874245 for user :  

7/22/2018 6:57:50 AM - 


7/22/2018 6:57:52 AM - 


7/22/2018 6:57:52 AM - Duplicate Check >> Shop : 1162 User Name :   with no. of customers : 1567

7/22/2018 6:57:52 AM - got customer with identifire for :  

7/22/2018 6:57:52 AM - 


7/22/2018 6:57:52 AM - update Method Starts for shop : 1162 old User : 2888927 for user :  

7/22/2018 6:57:52 AM - 


7/22/2018 6:57:55 AM - 


7/22/2018 6:57:55 AM - Duplicate Check >> Shop : 1162 User Name :   with no. of customers : 1567

7/22/2018 6:57:55 AM - 


7/22/2018 6:57:55 AM - update Method Starts for shop : 1162 old User : 2879461 for user :  

7/22/2018 6:57:56 AM - 


7/22/2018 6:57:58 AM - 


7/22/2018 6:57:58 AM - Duplicate Check >> Shop : 1162 User Name :   with no. of customers : 1567

7/22/2018 6:57:58 AM - got customer with identifire for :  

7/22/2018 6:57:58 AM - 


7/22/2018 6:57:58 AM - update Method Starts for shop : 1162 old User : 2593064 for user :  

7/22/2018 6:57:58 AM - 


7/22/2018 6:57:59 AM - 


7/22/2018 6:57:59 AM - Duplicate Check >> Shop : 1162 User Name :   with no. of customers : 1567

7/22/2018 6:57:59 AM - got customer with identifire for :  

7/22/2018 6:57:59 AM - 


7/22/2018 6:57:59 AM - update Method Starts for shop : 1162 old User : 2860263 for user :  

7/22/2018 6:58:00 AM - 


7/22/2018 6:58:00 AM - 


7/22/2018 6:58:00 AM - Duplicate Check >> Shop : 1162 User Name :   with no. of customers : 1567

7/22/2018 6:58:00 AM - got customer with identifire for :  

7/22/2018 6:58:00 AM - 


7/22/2018 6:58:00 AM - update Method Starts for shop : 1162 old User : 2876730 for user :  

7/22/2018 6:58:02 AM - 


7/22/2018 6:58:03 AM - 


7/22/2018 6:58:03 AM - Duplicate Check >> Shop : 1162 User Name :   with no. of customers : 1567

7/22/2018 6:58:03 AM - got customer with identifire for :  

7/22/2018 6:58:03 AM - 


7/22/2018 6:58:03 AM - update Method Starts for shop : 1162 old User : 2887496 for user :  

7/22/2018 6:58:03 AM - 


7/22/2018 6:58:05 AM - 


7/22/2018 6:58:05 AM - Duplicate Check >> Shop : 1162 User Name :   with no. of customers : 1567

7/22/2018 6:58:05 AM - got customer with identifire for :  

7/22/2018 6:58:05 AM - 


7/22/2018 6:58:05 AM - update Method Starts for shop : 1162 old User : 2887318 for user :  

7/22/2018 6:58:06 AM - 


7/22/2018 6:58:09 AM - 


7/22/2018 6:58:09 AM - Duplicate Check >> Shop : 1162 User Name :   with no. of customers : 1567

7/22/2018 6:58:09 AM - got customer with identifire for :  

7/22/2018 6:58:09 AM - 


7/22/2018 6:58:09 AM - update Method Starts for shop : 1162 old User : 2879449 for user :  

7/22/2018 6:58:09 AM - 


7/22/2018 6:58:10 AM - 


7/22/2018 6:58:10 AM - Duplicate Check >> Shop : 1162 User Name :   with no. of customers : 1567

7/22/2018 6:58:10 AM - got customer with identifire for :  

7/22/2018 6:58:10 AM - 


7/22/2018 6:58:10 AM - update Method Starts for shop : 1162 old User : 2878160 for user :  

7/22/2018 6:58:12 AM - 


7/22/2018 6:58:13 AM - 


7/22/2018 6:58:13 AM - Duplicate Check >> Shop : 1162 User Name :   with no. of customers : 1567

7/22/2018 6:58:13 AM - got customer with identifire for :  

7/22/2018 6:58:13 AM - 


7/22/2018 6:58:13 AM - update Method Starts for shop : 1162 old User : 2859457 for user :  

7/22/2018 6:58:13 AM - 


7/22/2018 6:58:14 AM - 


7/22/2018 6:58:14 AM - Duplicate Check >> Shop : 1162 User Name :   with no. of customers : 1567

7/22/2018 6:58:14 AM - got customer with identifire for :  

7/22/2018 6:58:14 AM - 


7/22/2018 6:58:14 AM - update Method Starts for shop : 1162 old User : 2873980 for user :  

7/22/2018 6:58:15 AM - 


7/22/2018 6:58:16 AM - 


7/22/2018 6:58:16 AM - Duplicate Check >> Shop : 1162 User Name :   with no. of customers : 1567

7/22/2018 6:58:16 AM - 


7/22/2018 6:58:16 AM - update Method Starts for shop : 1162 old User : 2879461 for user :  

7/22/2018 6:58:17 AM - 


7/22/2018 6:58:17 AM - 


7/22/2018 6:58:17 AM - Duplicate Check >> Shop : 1162 User Name :   with no. of customers : 1567

7/22/2018 6:58:17 AM - got customer with identifire for :  

7/22/2018 6:58:17 AM - 


7/22/2018 6:58:17 AM - update Method Starts for shop : 1162 old User : 2890104 for user :  

7/22/2018 6:58:19 AM - 


7/22/2018 6:58:21 AM - 


7/22/2018 6:58:21 AM - Duplicate Check >> Shop : 1162 User Name :   with no. of customers : 1567

7/22/2018 6:58:21 AM - got customer with identifire for :  

7/22/2018 6:58:21 AM - 


7/22/2018 6:58:21 AM - update Method Starts for shop : 1162 old User : 2593071 for user :  

7/22/2018 6:58:21 AM - 


7/22/2018 6:58:22 AM - 


7/22/2018 6:58:22 AM - Duplicate Check >> Shop : 1162 User Name :   with no. of customers : 1567

7/22/2018 6:58:22 AM - 


7/22/2018 6:58:22 AM - update Method Starts for shop : 1162 old User : 2879461 for user :  

7/22/2018 6:58:23 AM - 


7/22/2018 6:58:23 AM - 


7/22/2018 6:58:23 AM - Duplicate Check >> Shop : 1162 User Name :   with no. of customers : 1567

7/22/2018 6:58:23 AM - got customer with identifire for :  

7/22/2018 6:58:23 AM - 


7/22/2018 6:58:23 AM - update Method Starts for shop : 1162 old User : 2858289 for user :  

7/22/2018 6:58:23 AM - 


7/22/2018 6:58:24 AM - 


7/22/2018 6:58:24 AM - Duplicate Check >> Shop : 1162 User Name :   with no. of customers : 1567

7/22/2018 6:58:24 AM - got customer with identifire for :  

7/22/2018 6:58:24 AM - 


7/22/2018 6:58:24 AM - update Method Starts for shop : 1162 old User : 2858288 for user :  

7/22/2018 6:58:24 AM - 


7/22/2018 6:58:26 AM - 


7/22/2018 6:58:26 AM - Duplicate Check >> Shop : 1162 User Name :   with no. of customers : 1567

7/22/2018 6:58:26 AM - got customer with identifire for :  

7/22/2018 6:58:26 AM - 


7/22/2018 6:58:26 AM - update Method Starts for shop : 1162 old User : 2876793 for user :  

7/22/2018 6:58:29 AM - 


7/22/2018 6:58:30 AM - 


7/22/2018 6:58:30 AM - Duplicate Check >> Shop : 1162 User Name :   with no. of customers : 1567

7/22/2018 6:58:30 AM - got customer with identifire for :  

7/22/2018 6:58:30 AM - 


7/22/2018 6:58:30 AM - update Method Starts for shop : 1162 old User : 2872738 for user :  

7/22/2018 6:58:30 AM - 


7/22/2018 6:58:30 AM - 


7/22/2018 6:58:30 AM - Duplicate Check >> Shop : 1162 User Name :  AL TAWIL with no. of customers : 1567

7/22/2018 6:58:30 AM - got customer with identifire for :  AL TAWIL

7/22/2018 6:58:30 AM - 


7/22/2018 6:58:30 AM - update Method Starts for shop : 1162 old User : 2656002 for user :  AL TAWIL

7/22/2018 6:58:32 AM - 


7/22/2018 6:58:32 AM - 


7/22/2018 6:58:32 AM - Duplicate Check >> Shop : 1162 User Name :  Budds BMW Oakville with no. of customers : 1567

7/22/2018 6:58:32 AM - got customer with identifire for :  Budds BMW Oakville

7/22/2018 6:58:32 AM - 


7/22/2018 6:58:32 AM - update Method Starts for shop : 1162 old User : 2890572 for user :  Budds BMW Oakville

7/22/2018 6:58:33 AM - 


7/22/2018 6:58:33 AM - 


7/22/2018 6:58:33 AM - Duplicate Check >> Shop : 1162 User Name :  DAVID MORO with no. of customers : 1567

7/22/2018 6:58:33 AM - got customer with identifire for :  DAVID MORO

7/22/2018 6:58:33 AM - 


7/22/2018 6:58:33 AM - update Method Starts for shop : 1162 old User : 2866188 for user :  DAVID MORO

7/22/2018 6:58:34 AM - 


7/22/2018 6:58:35 AM - 


7/22/2018 6:58:35 AM - Duplicate Check >> Shop : 1162 User Name : Aaron Mou with no. of customers : 1567

7/22/2018 6:58:35 AM - got customer with identifire for : Aaron Mou

7/22/2018 6:58:35 AM - 


7/22/2018 6:58:35 AM - update Method Starts for shop : 1162 old User : 2888401 for user : Aaron Mou

7/22/2018 6:58:35 AM - 


7/22/2018 6:58:36 AM - 


7/22/2018 6:58:36 AM - Duplicate Check >> Shop : 1162 User Name : ADAM GRANT with no. of customers : 1567

7/22/2018 6:58:36 AM - got customer with identifire for : ADAM GRANT

7/22/2018 6:58:36 AM - 


7/22/2018 6:58:36 AM - update Method Starts for shop : 1162 old User : 2861057 for user : ADAM GRANT

7/22/2018 6:58:37 AM - 


7/22/2018 6:58:38 AM - 


7/22/2018 6:58:38 AM - Duplicate Check >> Shop : 1162 User Name : AKRAM MOHAMMED with no. of customers : 1567

7/22/2018 6:58:38 AM - got customer with identifire for : AKRAM MOHAMMED

7/22/2018 6:58:38 AM - 


7/22/2018 6:58:38 AM - update Method Starts for shop : 1162 old User : 2858295 for user : AKRAM MOHAMMED

7/22/2018 6:58:38 AM - 


7/22/2018 6:58:39 AM - 


7/22/2018 6:58:39 AM - Duplicate Check >> Shop : 1162 User Name : AMIN MULJI with no. of customers : 1567

7/22/2018 6:58:39 AM - got customer with identifire for : AMIN MULJI

7/22/2018 6:58:39 AM - 


7/22/2018 6:58:39 AM - update Method Starts for shop : 1162 old User : 2858296 for user : AMIN MULJI

7/22/2018 6:58:39 AM - 


7/22/2018 6:58:39 AM - 


7/22/2018 6:58:39 AM - Duplicate Check >> Shop : 1162 User Name : ARNOLDO BONILLA with no. of customers : 1567

7/22/2018 6:58:39 AM - got customer with identifire for : ARNOLDO BONILLA

7/22/2018 6:58:39 AM - 


7/22/2018 6:58:39 AM - update Method Starts for shop : 1162 old User : 1462358 for user : ARNOLDO BONILLA

7/22/2018 6:58:39 AM - 


7/22/2018 6:58:40 AM - 


7/22/2018 6:58:40 AM - Duplicate Check >> Shop : 1162 User Name : BOB AND /OR NAWAL MEHANY with no. of customers : 1567

7/22/2018 6:58:40 AM - got customer with identifire for : BOB AND /OR NAWAL MEHANY

7/22/2018 6:58:40 AM - 


7/22/2018 6:58:40 AM - update Method Starts for shop : 1162 old User : 2874681 for user : BOB AND /OR NAWAL MEHANY

7/22/2018 6:58:41 AM - 


7/22/2018 6:58:43 AM - 


7/22/2018 6:58:43 AM - Duplicate Check >> Shop : 1162 User Name : Caterina Antonic with no. of customers : 1567

7/22/2018 6:58:43 AM - got customer with identifire for : Caterina Antonic

7/22/2018 6:58:43 AM - 


7/22/2018 6:58:43 AM - update Method Starts for shop : 1162 old User : 2893426 for user : Caterina Antonic

7/22/2018 6:58:44 AM - 


7/22/2018 6:58:44 AM - 


7/22/2018 6:58:44 AM - Duplicate Check >> Shop : 1162 User Name : CLAIRE KEYES with no. of customers : 1567

7/22/2018 6:58:44 AM - got customer with identifire for : CLAIRE KEYES

7/22/2018 6:58:44 AM - 


7/22/2018 6:58:44 AM - update Method Starts for shop : 1162 old User : 2866031 for user : CLAIRE KEYES

7/22/2018 6:58:45 AM - 


7/22/2018 6:58:46 AM - 


7/22/2018 6:58:46 AM - Duplicate Check >> Shop : 1162 User Name : CLINTON HOWELL with no. of customers : 1567

7/22/2018 6:58:46 AM - got customer with identifire for : CLINTON HOWELL

7/22/2018 6:58:46 AM - 


7/22/2018 6:58:46 AM - update Method Starts for shop : 1162 old User : 2860235 for user : CLINTON HOWELL

7/22/2018 6:58:50 AM - 


7/22/2018 6:58:51 AM - 


7/22/2018 6:58:51 AM - Duplicate Check >> Shop : 1162 User Name : COLEEN SILVEIRA with no. of customers : 1567

7/22/2018 6:58:51 AM - got customer with identifire for : COLEEN SILVEIRA

7/22/2018 6:58:51 AM - 


7/22/2018 6:58:51 AM - update Method Starts for shop : 1162 old User : 2858300 for user : COLEEN SILVEIRA

7/22/2018 6:58:51 AM - 


7/22/2018 6:58:52 AM - 


7/22/2018 6:58:52 AM - Duplicate Check >> Shop : 1162 User Name : DAVE SHATILLA with no. of customers : 1567

7/22/2018 6:58:52 AM - got customer with identifire for : DAVE SHATILLA

7/22/2018 6:58:52 AM - 


7/22/2018 6:58:52 AM - update Method Starts for shop : 1162 old User : 2879462 for user : DAVE SHATILLA

7/22/2018 6:58:52 AM - 


7/22/2018 6:58:53 AM - 


7/22/2018 6:58:53 AM - Duplicate Check >> Shop : 1162 User Name : Erich Horst with no. of customers : 1567

7/22/2018 6:58:53 AM - got customer with identifire for : Erich Horst

7/22/2018 6:58:53 AM - 


7/22/2018 6:58:53 AM - update Method Starts for shop : 1162 old User : 2636181 for user : Erich Horst

7/22/2018 6:58:54 AM - 


7/22/2018 6:58:55 AM - 


7/22/2018 6:58:55 AM - Duplicate Check >> Shop : 1162 User Name : HINA SAKLANI with no. of customers : 1567

7/22/2018 6:58:55 AM - got customer with identifire for : HINA SAKLANI

7/22/2018 6:58:55 AM - 


7/22/2018 6:58:55 AM - update Method Starts for shop : 1162 old User : 2887350 for user : HINA SAKLANI

7/22/2018 6:58:55 AM - 


7/22/2018 6:58:55 AM - 


7/22/2018 6:58:55 AM - Duplicate Check >> Shop : 1162 User Name : HOANG HUYNH with no. of customers : 1567

7/22/2018 6:58:55 AM - got customer with identifire for : HOANG HUYNH

7/22/2018 6:58:55 AM - 


7/22/2018 6:58:55 AM - update Method Starts for shop : 1162 old User : 2858304 for user : HOANG HUYNH

7/22/2018 6:58:56 AM - 


7/22/2018 6:58:56 AM - 


7/22/2018 6:58:56 AM - Duplicate Check >> Shop : 1162 User Name : JAFRI NABEEL with no. of customers : 1567

7/22/2018 6:58:56 AM - got customer with identifire for : JAFRI NABEEL

7/22/2018 6:58:56 AM - 


7/22/2018 6:58:56 AM - update Method Starts for shop : 1162 old User : 2890568 for user : JAFRI NABEEL

7/22/2018 6:58:57 AM - 


7/22/2018 6:58:57 AM - 


7/22/2018 6:58:57 AM - Duplicate Check >> Shop : 1162 User Name : JENNIFER MARSHALL with no. of customers : 1567

7/22/2018 6:58:57 AM - got customer with identifire for : JENNIFER MARSHALL

7/22/2018 6:58:57 AM - 


7/22/2018 6:58:57 AM - update Method Starts for shop : 1162 old User : 2858306 for user : JENNIFER MARSHALL

7/22/2018 6:58:57 AM - 


7/22/2018 6:58:57 AM - 


7/22/2018 6:58:57 AM - Duplicate Check >> Shop : 1162 User Name : JUSTIN KHETANI with no. of customers : 1567

7/22/2018 6:58:57 AM - got customer with identifire for : JUSTIN KHETANI

7/22/2018 6:58:57 AM - 


7/22/2018 6:58:57 AM - update Method Starts for shop : 1162 old User : 2858307 for user : JUSTIN KHETANI

7/22/2018 6:58:58 AM - 


7/22/2018 6:58:58 AM - 


7/22/2018 6:58:58 AM - Duplicate Check >> Shop : 1162 User Name : KIROLOS MILIO with no. of customers : 1567

7/22/2018 6:58:58 AM - got customer with identifire for : KIROLOS MILIO

7/22/2018 6:58:58 AM - 


7/22/2018 6:58:58 AM - update Method Starts for shop : 1162 old User : 2868331 for user : KIROLOS MILIO

7/22/2018 6:59:05 AM - 


7/22/2018 6:59:06 AM - 


7/22/2018 6:59:06 AM - Duplicate Check >> Shop : 1162 User Name : LAURA SANIN with no. of customers : 1567

7/22/2018 6:59:06 AM - got customer with identifire for : LAURA SANIN

7/22/2018 6:59:06 AM - 


7/22/2018 6:59:06 AM - update Method Starts for shop : 1162 old User : 2860147 for user : LAURA SANIN

7/22/2018 6:59:06 AM - 


7/22/2018 6:59:08 AM - 


7/22/2018 6:59:08 AM - Duplicate Check >> Shop : 1162 User Name : LYDIA MORITZ with no. of customers : 1567

7/22/2018 6:59:08 AM - got customer with identifire for : LYDIA MORITZ

7/22/2018 6:59:08 AM - 


7/22/2018 6:59:08 AM - update Method Starts for shop : 1162 old User : 2858312 for user : LYDIA MORITZ

7/22/2018 6:59:08 AM - 


7/22/2018 6:59:09 AM - 


7/22/2018 6:59:09 AM - Duplicate Check >> Shop : 1162 User Name : MARILYN MCGOWN with no. of customers : 1567

7/22/2018 6:59:09 AM - got customer with identifire for : MARILYN MCGOWN

7/22/2018 6:59:09 AM - 


7/22/2018 6:59:09 AM - update Method Starts for shop : 1162 old User : 2872833 for user : MARILYN MCGOWN

7/22/2018 6:59:09 AM - 


7/22/2018 6:59:11 AM - 


7/22/2018 6:59:11 AM - Duplicate Check >> Shop : 1162 User Name : MARK THOMAS with no. of customers : 1567

7/22/2018 6:59:11 AM - got customer with identifire for : MARK THOMAS

7/22/2018 6:59:11 AM - 


7/22/2018 6:59:11 AM - update Method Starts for shop : 1162 old User : 2867385 for user : MARK THOMAS

7/22/2018 6:59:11 AM - 


7/22/2018 6:59:13 AM - 


7/22/2018 6:59:13 AM - Duplicate Check >> Shop : 1162 User Name : MARTINE FRECHETTE with no. of customers : 1567

7/22/2018 6:59:13 AM - got customer with identifire for : MARTINE FRECHETTE

7/22/2018 6:59:13 AM - 


7/22/2018 6:59:13 AM - update Method Starts for shop : 1162 old User : 2858314 for user : MARTINE FRECHETTE

7/22/2018 6:59:13 AM - 


7/22/2018 6:59:14 AM - 


7/22/2018 6:59:14 AM - Duplicate Check >> Shop : 1162 User Name : NELLY TOLEDO with no. of customers : 1567

7/22/2018 6:59:14 AM - got customer with identifire for : NELLY TOLEDO

7/22/2018 6:59:14 AM - 


7/22/2018 6:59:14 AM - update Method Starts for shop : 1162 old User : 1462100 for user : NELLY TOLEDO

7/22/2018 6:59:15 AM - 


7/22/2018 6:59:17 AM - 


7/22/2018 6:59:17 AM - Duplicate Check >> Shop : 1162 User Name : PAWLICK STEPHEN with no. of customers : 1567

7/22/2018 6:59:17 AM - got customer with identifire for : PAWLICK STEPHEN

7/22/2018 6:59:17 AM - 


7/22/2018 6:59:17 AM - update Method Starts for shop : 1162 old User : 2605065 for user : PAWLICK STEPHEN

7/22/2018 6:59:17 AM - 


7/22/2018 6:59:19 AM - 


7/22/2018 6:59:19 AM - Duplicate Check >> Shop : 1162 User Name : Peter Ranells with no. of customers : 1567

7/22/2018 6:59:19 AM - got customer with identifire for : Peter Ranells

7/22/2018 6:59:19 AM - 


7/22/2018 6:59:19 AM - update Method Starts for shop : 1162 old User : 2879364 for user : Peter Ranells

7/22/2018 6:59:19 AM - 


7/22/2018 6:59:21 AM - 


7/22/2018 6:59:21 AM - Duplicate Check >> Shop : 1162 User Name : ROBERT WILSON with no. of customers : 1567

7/22/2018 6:59:21 AM - got customer with identifire for : ROBERT WILSON

7/22/2018 6:59:21 AM - 


7/22/2018 6:59:21 AM - update Method Starts for shop : 1162 old User : 2859322 for user : ROBERT WILSON

7/22/2018 6:59:22 AM - 


7/22/2018 6:59:24 AM - 


7/22/2018 6:59:24 AM - Duplicate Check >> Shop : 1162 User Name : Scott Stirton with no. of customers : 1567

7/22/2018 6:59:24 AM - got customer with identifire for : Scott Stirton

7/22/2018 6:59:24 AM - 


7/22/2018 6:59:24 AM - update Method Starts for shop : 1162 old User : 2878232 for user : Scott Stirton

7/22/2018 6:59:24 AM - 


7/22/2018 6:59:26 AM - 


7/22/2018 6:59:26 AM - Duplicate Check >> Shop : 1162 User Name : TERESA NOZKA with no. of customers : 1567

7/22/2018 6:59:26 AM - got customer with identifire for : TERESA NOZKA

7/22/2018 6:59:26 AM - 


7/22/2018 6:59:26 AM - update Method Starts for shop : 1162 old User : 2889249 for user : TERESA NOZKA

7/22/2018 6:59:26 AM - 


7/22/2018 7:09:50 AM - 


7/22/2018 7:09:50 AM - Duplicate Check >> Shop : 1162 User Name : ADRIENNE HENDERSHOT with no. of customers : 1567

7/22/2018 7:09:50 AM - got customer with identifire for : ADRIENNE HENDERSHOT

7/22/2018 7:09:50 AM - 


7/22/2018 7:09:50 AM - update Method Starts for shop : 1162 old User : 2874730 for user : ADRIENNE HENDERSHOT

7/22/2018 7:10:18 AM - 


7/22/2018 8:10:53 AM - 


7/22/2018 8:10:53 AM - Duplicate Check >> Shop : 1162 User Name : EKLAVYA BHAMBRI with no. of customers : 1567

7/22/2018 8:10:54 AM - 


7/22/2018 8:10:54 AM -  - - - - - New User Method Starts

7/22/2018 8:10:54 AM - shop : 1162 New User : 2894080 usename : EKLAVYA BHAMBRI

7/22/2018 8:10:54 AM - RO Number: 0

7/22/2018 8:10:54 AM - Date In : 12/30/1899 12:00:00 AM

7/22/2018 8:10:54 AM - RO Complition Date: 12/30/1899 12:00:00 AM

7/22/2018 8:10:54 AM - Tar Date Out: 12/30/1899 12:00:00 AM

7/22/2018 8:11:00 AM - shop : 1162 New User : 2894080 usename : EKLAVYA BHAMBRI

7/22/2018 8:11:00 AM -  - - - - - New User Method Ends

7/22/2018 8:11:00 AM - 


7/22/2018 8:17:32 AM - 


7/22/2018 8:17:32 AM - Duplicate Check >> Shop : 1162 User Name : EKLAVYA BHAMBRI with no. of customers : 1568

7/22/2018 8:17:32 AM - got customer with identifire for : EKLAVYA BHAMBRI

7/22/2018 8:17:32 AM - 


7/22/2018 8:17:32 AM - update Method Starts for shop : 1162 old User : 2894080 for user : EKLAVYA BHAMBRI

7/22/2018 8:17:38 AM - 


7/22/2018 8:31:05 AM - 


7/22/2018 8:31:05 AM - Duplicate Check >> Shop : 1162 User Name :   with no. of customers : 1568

7/22/2018 8:31:05 AM - got customer with identifire for :  

7/22/2018 8:31:05 AM - 


7/22/2018 8:31:05 AM - update Method Starts for shop : 1162 old User : 2874245 for user :  

7/22/2018 8:31:06 AM - 


7/22/2018 8:31:08 AM - 


7/22/2018 8:31:08 AM - Duplicate Check >> Shop : 1162 User Name :   with no. of customers : 1568

7/22/2018 8:31:08 AM - got customer with identifire for :  

7/22/2018 8:31:08 AM - 


7/22/2018 8:31:08 AM - update Method Starts for shop : 1162 old User : 2888927 for user :  

7/22/2018 8:31:08 AM - 


7/22/2018 8:31:09 AM - 


7/22/2018 8:31:09 AM - Duplicate Check >> Shop : 1162 User Name :   with no. of customers : 1568

7/22/2018 8:31:09 AM - 


7/22/2018 8:31:09 AM - update Method Starts for shop : 1162 old User : 2879461 for user :  

7/22/2018 8:31:13 AM - 


7/22/2018 8:31:16 AM - 


7/22/2018 8:31:16 AM - Duplicate Check >> Shop : 1162 User Name :   with no. of customers : 1568

7/22/2018 8:31:16 AM - got customer with identifire for :  

7/22/2018 8:31:16 AM - 


7/22/2018 8:31:16 AM - update Method Starts for shop : 1162 old User : 2593064 for user :  

7/22/2018 8:31:17 AM - 


7/22/2018 8:31:18 AM - 


7/22/2018 8:31:18 AM - Duplicate Check >> Shop : 1162 User Name :   with no. of customers : 1568

7/22/2018 8:31:18 AM - got customer with identifire for :  

7/22/2018 8:31:18 AM - 


7/22/2018 8:31:18 AM - update Method Starts for shop : 1162 old User : 2860263 for user :  

7/22/2018 8:31:18 AM - 


7/22/2018 8:31:20 AM - 


7/22/2018 8:31:20 AM - Duplicate Check >> Shop : 1162 User Name :   with no. of customers : 1568

7/22/2018 8:31:20 AM - got customer with identifire for :  

7/22/2018 8:31:20 AM - 


7/22/2018 8:31:20 AM - update Method Starts for shop : 1162 old User : 2876730 for user :  

7/22/2018 8:31:23 AM - 


7/22/2018 8:31:25 AM - 


7/22/2018 8:31:25 AM - Duplicate Check >> Shop : 1162 User Name :   with no. of customers : 1568

7/22/2018 8:31:25 AM - got customer with identifire for :  

7/22/2018 8:31:25 AM - 


7/22/2018 8:31:25 AM - update Method Starts for shop : 1162 old User : 2887496 for user :  

7/22/2018 8:31:25 AM - 


7/22/2018 8:31:28 AM - 


7/22/2018 8:31:28 AM - Duplicate Check >> Shop : 1162 User Name :   with no. of customers : 1568

7/22/2018 8:31:28 AM - got customer with identifire for :  

7/22/2018 8:31:28 AM - 


7/22/2018 8:31:28 AM - update Method Starts for shop : 1162 old User : 2887318 for user :  

7/22/2018 8:31:28 AM - 


7/22/2018 8:31:31 AM - 


7/22/2018 8:31:31 AM - Duplicate Check >> Shop : 1162 User Name :   with no. of customers : 1568

7/22/2018 8:31:31 AM - got customer with identifire for :  

7/22/2018 8:31:31 AM - 


7/22/2018 8:31:31 AM - update Method Starts for shop : 1162 old User : 2879449 for user :  

7/22/2018 8:31:31 AM - 


7/22/2018 8:31:33 AM - 


7/22/2018 8:31:33 AM - Duplicate Check >> Shop : 1162 User Name :   with no. of customers : 1568

7/22/2018 8:31:33 AM - got customer with identifire for :  

7/22/2018 8:31:33 AM - 


7/22/2018 8:31:33 AM - update Method Starts for shop : 1162 old User : 2878160 for user :  

7/22/2018 8:31:34 AM - 


7/22/2018 8:31:36 AM - 


7/22/2018 8:31:36 AM - Duplicate Check >> Shop : 1162 User Name :   with no. of customers : 1568

7/22/2018 8:31:36 AM - got customer with identifire for :  

7/22/2018 8:31:36 AM - 


7/22/2018 8:31:36 AM - update Method Starts for shop : 1162 old User : 2859457 for user :  

7/22/2018 8:31:38 AM - 


7/22/2018 8:31:40 AM - 


7/22/2018 8:31:40 AM - Duplicate Check >> Shop : 1162 User Name :   with no. of customers : 1568

7/22/2018 8:31:40 AM - got customer with identifire for :  

7/22/2018 8:31:40 AM - 


7/22/2018 8:31:40 AM - update Method Starts for shop : 1162 old User : 2873980 for user :  

7/22/2018 8:31:42 AM - 


7/22/2018 8:31:44 AM - 


7/22/2018 8:31:44 AM - Duplicate Check >> Shop : 1162 User Name :   with no. of customers : 1568

7/22/2018 8:31:44 AM - 


7/22/2018 8:31:44 AM - update Method Starts for shop : 1162 old User : 2879461 for user :  

7/22/2018 8:31:46 AM - 


7/22/2018 8:31:47 AM - 


7/22/2018 8:31:47 AM - Duplicate Check >> Shop : 1162 User Name :   with no. of customers : 1568

7/22/2018 8:31:47 AM - got customer with identifire for :  

7/22/2018 8:31:47 AM - 


7/22/2018 8:31:47 AM - update Method Starts for shop : 1162 old User : 2890104 for user :  

7/22/2018 8:31:48 AM - 


7/22/2018 8:31:49 AM - 


7/22/2018 8:31:49 AM - Duplicate Check >> Shop : 1162 User Name :   with no. of customers : 1568

7/22/2018 8:31:49 AM - got customer with identifire for :  

7/22/2018 8:31:49 AM - 


7/22/2018 8:31:49 AM - update Method Starts for shop : 1162 old User : 2593071 for user :  

7/22/2018 8:31:49 AM - 


7/22/2018 8:31:52 AM - 


7/22/2018 8:31:52 AM - Duplicate Check >> Shop : 1162 User Name :   with no. of customers : 1568

7/22/2018 8:31:52 AM - 


7/22/2018 8:31:52 AM - update Method Starts for shop : 1162 old User : 2879461 for user :  

7/22/2018 8:31:53 AM - 


7/22/2018 8:31:54 AM - 


7/22/2018 8:31:54 AM - Duplicate Check >> Shop : 1162 User Name :   with no. of customers : 1568

7/22/2018 8:31:54 AM - got customer with identifire for :  

7/22/2018 8:31:54 AM - 


7/22/2018 8:31:54 AM - update Method Starts for shop : 1162 old User : 2858289 for user :  

7/22/2018 8:31:54 AM - 


7/22/2018 8:31:55 AM - 


7/22/2018 8:31:55 AM - Duplicate Check >> Shop : 1162 User Name :   with no. of customers : 1568

7/22/2018 8:31:55 AM - got customer with identifire for :  

7/22/2018 8:31:55 AM - 


7/22/2018 8:31:55 AM - update Method Starts for shop : 1162 old User : 2858288 for user :  

7/22/2018 8:31:55 AM - 


7/22/2018 8:31:56 AM - 


7/22/2018 8:31:56 AM - Duplicate Check >> Shop : 1162 User Name :   with no. of customers : 1568

7/22/2018 8:31:56 AM - got customer with identifire for :  

7/22/2018 8:31:56 AM - 


7/22/2018 8:31:56 AM - update Method Starts for shop : 1162 old User : 2876793 for user :  

7/22/2018 8:31:57 AM - 


7/22/2018 8:31:58 AM - 


7/22/2018 8:31:58 AM - Duplicate Check >> Shop : 1162 User Name :   with no. of customers : 1568

7/22/2018 8:31:58 AM - got customer with identifire for :  

7/22/2018 8:31:58 AM - 


7/22/2018 8:31:58 AM - update Method Starts for shop : 1162 old User : 2872738 for user :  

7/22/2018 8:32:01 AM - 


7/22/2018 8:32:02 AM - 


7/22/2018 8:32:02 AM - Duplicate Check >> Shop : 1162 User Name :  AL TAWIL with no. of customers : 1568

7/22/2018 8:32:02 AM - got customer with identifire for :  AL TAWIL

7/22/2018 8:32:02 AM - 


7/22/2018 8:32:02 AM - update Method Starts for shop : 1162 old User : 2656002 for user :  AL TAWIL

7/22/2018 8:32:02 AM - 


7/22/2018 8:32:04 AM - 


7/22/2018 8:32:04 AM - Duplicate Check >> Shop : 1162 User Name :  Budds BMW Oakville with no. of customers : 1568

7/22/2018 8:32:04 AM - got customer with identifire for :  Budds BMW Oakville

7/22/2018 8:32:04 AM - 


7/22/2018 8:32:04 AM - update Method Starts for shop : 1162 old User : 2890572 for user :  Budds BMW Oakville

7/22/2018 8:32:06 AM - 


7/22/2018 8:32:08 AM - 


7/22/2018 8:32:08 AM - Duplicate Check >> Shop : 1162 User Name :  DAVID MORO with no. of customers : 1568

7/22/2018 8:32:08 AM - got customer with identifire for :  DAVID MORO

7/22/2018 8:32:08 AM - 


7/22/2018 8:32:08 AM - update Method Starts for shop : 1162 old User : 2866188 for user :  DAVID MORO

7/22/2018 8:32:09 AM - 


7/22/2018 8:32:11 AM - 


7/22/2018 8:32:11 AM - Duplicate Check >> Shop : 1162 User Name : Aaron Mou with no. of customers : 1568

7/22/2018 8:32:11 AM - got customer with identifire for : Aaron Mou

7/22/2018 8:32:11 AM - 


7/22/2018 8:32:11 AM - update Method Starts for shop : 1162 old User : 2888401 for user : Aaron Mou

7/22/2018 8:32:13 AM - 


7/22/2018 8:32:14 AM - 


7/22/2018 8:32:14 AM - Duplicate Check >> Shop : 1162 User Name : ADAM GRANT with no. of customers : 1568

7/22/2018 8:32:14 AM - got customer with identifire for : ADAM GRANT

7/22/2018 8:32:14 AM - 


7/22/2018 8:32:14 AM - update Method Starts for shop : 1162 old User : 2861057 for user : ADAM GRANT

7/22/2018 8:32:17 AM - 


7/22/2018 8:32:21 AM - 


7/22/2018 8:32:21 AM - Duplicate Check >> Shop : 1162 User Name : AKRAM MOHAMMED with no. of customers : 1568

7/22/2018 8:32:21 AM - got customer with identifire for : AKRAM MOHAMMED

7/22/2018 8:32:21 AM - 


7/22/2018 8:32:21 AM - update Method Starts for shop : 1162 old User : 2858295 for user : AKRAM MOHAMMED

7/22/2018 8:32:23 AM - 


7/22/2018 8:32:24 AM - 


7/22/2018 8:32:24 AM - Duplicate Check >> Shop : 1162 User Name : AMIN MULJI with no. of customers : 1568

7/22/2018 8:32:24 AM - got customer with identifire for : AMIN MULJI

7/22/2018 8:32:24 AM - 


7/22/2018 8:32:24 AM - update Method Starts for shop : 1162 old User : 2858296 for user : AMIN MULJI

7/22/2018 8:32:24 AM - 


7/22/2018 8:32:25 AM - 


7/22/2018 8:32:25 AM - Duplicate Check >> Shop : 1162 User Name : ARNOLDO BONILLA with no. of customers : 1568

7/22/2018 8:32:25 AM - got customer with identifire for : ARNOLDO BONILLA

7/22/2018 8:32:25 AM - 


7/22/2018 8:32:25 AM - update Method Starts for shop : 1162 old User : 1462358 for user : ARNOLDO BONILLA

7/22/2018 8:32:26 AM - 


7/22/2018 8:32:27 AM - 


7/22/2018 8:32:27 AM - Duplicate Check >> Shop : 1162 User Name : BOB AND /OR NAWAL MEHANY with no. of customers : 1568

7/22/2018 8:32:27 AM - got customer with identifire for : BOB AND /OR NAWAL MEHANY

7/22/2018 8:32:27 AM - 


7/22/2018 8:32:27 AM - update Method Starts for shop : 1162 old User : 2874681 for user : BOB AND /OR NAWAL MEHANY

7/22/2018 8:32:27 AM - 


7/22/2018 8:32:28 AM - 


7/22/2018 8:32:28 AM - Duplicate Check >> Shop : 1162 User Name : Caterina Antonic with no. of customers : 1568

7/22/2018 8:32:28 AM - got customer with identifire for : Caterina Antonic

7/22/2018 8:32:28 AM - 


7/22/2018 8:32:28 AM - update Method Starts for shop : 1162 old User : 2893426 for user : Caterina Antonic

7/22/2018 8:32:28 AM - 


7/22/2018 8:32:29 AM - 


7/22/2018 8:32:29 AM - Duplicate Check >> Shop : 1162 User Name : CLAIRE KEYES with no. of customers : 1568

7/22/2018 8:32:29 AM - got customer with identifire for : CLAIRE KEYES

7/22/2018 8:32:29 AM - 


7/22/2018 8:32:29 AM - update Method Starts for shop : 1162 old User : 2866031 for user : CLAIRE KEYES

7/22/2018 8:32:29 AM - 


7/22/2018 8:32:30 AM - 


7/22/2018 8:32:30 AM - Duplicate Check >> Shop : 1162 User Name : CLINTON HOWELL with no. of customers : 1568

7/22/2018 8:32:30 AM - got customer with identifire for : CLINTON HOWELL

7/22/2018 8:32:30 AM - 


7/22/2018 8:32:30 AM - update Method Starts for shop : 1162 old User : 2860235 for user : CLINTON HOWELL

7/22/2018 8:32:30 AM - 


7/22/2018 8:32:32 AM - 


7/22/2018 8:32:32 AM - Duplicate Check >> Shop : 1162 User Name : COLEEN SILVEIRA with no. of customers : 1568

7/22/2018 8:32:32 AM - got customer with identifire for : COLEEN SILVEIRA

7/22/2018 8:32:32 AM - 


7/22/2018 8:32:32 AM - update Method Starts for shop : 1162 old User : 2858300 for user : COLEEN SILVEIRA

7/22/2018 8:32:32 AM - 


7/22/2018 8:32:34 AM - 


7/22/2018 8:32:34 AM - Duplicate Check >> Shop : 1162 User Name : DAVE SHATILLA with no. of customers : 1568

7/22/2018 8:32:34 AM - got customer with identifire for : DAVE SHATILLA

7/22/2018 8:32:34 AM - 


7/22/2018 8:32:34 AM - update Method Starts for shop : 1162 old User : 2879462 for user : DAVE SHATILLA

7/22/2018 8:32:34 AM - 


7/22/2018 8:32:35 AM - 


7/22/2018 8:32:35 AM - Duplicate Check >> Shop : 1162 User Name : Erich Horst with no. of customers : 1568

7/22/2018 8:32:35 AM - got customer with identifire for : Erich Horst

7/22/2018 8:32:35 AM - 


7/22/2018 8:32:35 AM - update Method Starts for shop : 1162 old User : 2636181 for user : Erich Horst

7/22/2018 8:32:36 AM - 


7/22/2018 8:32:37 AM - 


7/22/2018 8:32:37 AM - Duplicate Check >> Shop : 1162 User Name : HINA SAKLANI with no. of customers : 1568

7/22/2018 8:32:37 AM - got customer with identifire for : HINA SAKLANI

7/22/2018 8:32:37 AM - 


7/22/2018 8:32:37 AM - update Method Starts for shop : 1162 old User : 2887350 for user : HINA SAKLANI

7/22/2018 8:32:37 AM - 


7/22/2018 8:32:38 AM - 


7/22/2018 8:32:38 AM - Duplicate Check >> Shop : 1162 User Name : HOANG HUYNH with no. of customers : 1568

7/22/2018 8:32:38 AM - got customer with identifire for : HOANG HUYNH

7/22/2018 8:32:38 AM - 


7/22/2018 8:32:38 AM - update Method Starts for shop : 1162 old User : 2858304 for user : HOANG HUYNH

7/22/2018 8:32:39 AM - 


7/22/2018 8:32:40 AM - 


7/22/2018 8:32:40 AM - Duplicate Check >> Shop : 1162 User Name : JAFRI NABEEL with no. of customers : 1568

7/22/2018 8:32:40 AM - got customer with identifire for : JAFRI NABEEL

7/22/2018 8:32:40 AM - 


7/22/2018 8:32:40 AM - update Method Starts for shop : 1162 old User : 2890568 for user : JAFRI NABEEL

7/22/2018 8:32:40 AM - 


7/22/2018 8:32:41 AM - 


7/22/2018 8:32:41 AM - Duplicate Check >> Shop : 1162 User Name : JENNIFER MARSHALL with no. of customers : 1568

7/22/2018 8:32:41 AM - got customer with identifire for : JENNIFER MARSHALL

7/22/2018 8:32:41 AM - 


7/22/2018 8:32:41 AM - update Method Starts for shop : 1162 old User : 2858306 for user : JENNIFER MARSHALL

7/22/2018 8:32:41 AM - 


7/22/2018 8:32:43 AM - 


7/22/2018 8:32:43 AM - Duplicate Check >> Shop : 1162 User Name : JUSTIN KHETANI with no. of customers : 1568

7/22/2018 8:32:43 AM - got customer with identifire for : JUSTIN KHETANI

7/22/2018 8:32:43 AM - 


7/22/2018 8:32:43 AM - update Method Starts for shop : 1162 old User : 2858307 for user : JUSTIN KHETANI

7/22/2018 8:32:43 AM - 


7/22/2018 8:32:45 AM - 


7/22/2018 8:32:45 AM - Duplicate Check >> Shop : 1162 User Name : KIROLOS MILIO with no. of customers : 1568

7/22/2018 8:32:45 AM - got customer with identifire for : KIROLOS MILIO

7/22/2018 8:32:45 AM - 


7/22/2018 8:32:45 AM - update Method Starts for shop : 1162 old User : 2868331 for user : KIROLOS MILIO

7/22/2018 8:32:46 AM - 


7/22/2018 8:32:47 AM - 


7/22/2018 8:32:47 AM - Duplicate Check >> Shop : 1162 User Name : LAURA SANIN with no. of customers : 1568

7/22/2018 8:32:47 AM - got customer with identifire for : LAURA SANIN

7/22/2018 8:32:47 AM - 


7/22/2018 8:32:47 AM - update Method Starts for shop : 1162 old User : 2860147 for user : LAURA SANIN

7/22/2018 8:32:47 AM - 


7/22/2018 8:32:49 AM - 


7/22/2018 8:32:49 AM - Duplicate Check >> Shop : 1162 User Name : LYDIA MORITZ with no. of customers : 1568

7/22/2018 8:32:49 AM - got customer with identifire for : LYDIA MORITZ

7/22/2018 8:32:49 AM - 


7/22/2018 8:32:49 AM - update Method Starts for shop : 1162 old User : 2858312 for user : LYDIA MORITZ

7/22/2018 8:32:51 AM - 


7/22/2018 8:32:51 AM - 


7/22/2018 8:32:51 AM - Duplicate Check >> Shop : 1162 User Name : MARILYN MCGOWN with no. of customers : 1568

7/22/2018 8:32:51 AM - got customer with identifire for : MARILYN MCGOWN

7/22/2018 8:32:51 AM - 


7/22/2018 8:32:51 AM - update Method Starts for shop : 1162 old User : 2872833 for user : MARILYN MCGOWN

7/22/2018 8:32:51 AM - 


7/22/2018 8:32:53 AM - 


7/22/2018 8:32:53 AM - Duplicate Check >> Shop : 1162 User Name : MARK THOMAS with no. of customers : 1568

7/22/2018 8:32:53 AM - got customer with identifire for : MARK THOMAS

7/22/2018 8:32:53 AM - 


7/22/2018 8:32:53 AM - update Method Starts for shop : 1162 old User : 2867385 for user : MARK THOMAS

7/22/2018 8:32:53 AM - 


7/22/2018 8:32:55 AM - 


7/22/2018 8:32:55 AM - Duplicate Check >> Shop : 1162 User Name : MARTINE FRECHETTE with no. of customers : 1568

7/22/2018 8:32:55 AM - got customer with identifire for : MARTINE FRECHETTE

7/22/2018 8:32:55 AM - 


7/22/2018 8:32:55 AM - update Method Starts for shop : 1162 old User : 2858314 for user : MARTINE FRECHETTE

7/22/2018 8:32:55 AM - 


7/22/2018 8:32:57 AM - 


7/22/2018 8:32:57 AM - Duplicate Check >> Shop : 1162 User Name : NELLY TOLEDO with no. of customers : 1568

7/22/2018 8:32:57 AM - got customer with identifire for : NELLY TOLEDO

7/22/2018 8:32:57 AM - 


7/22/2018 8:32:57 AM - update Method Starts for shop : 1162 old User : 1462100 for user : NELLY TOLEDO

7/22/2018 8:32:57 AM - 


7/22/2018 8:32:58 AM - 


7/22/2018 8:32:58 AM - Duplicate Check >> Shop : 1162 User Name : PAWLICK STEPHEN with no. of customers : 1568

7/22/2018 8:32:58 AM - got customer with identifire for : PAWLICK STEPHEN

7/22/2018 8:32:58 AM - 


7/22/2018 8:32:58 AM - update Method Starts for shop : 1162 old User : 2605065 for user : PAWLICK STEPHEN

7/22/2018 8:32:58 AM - 


7/22/2018 8:32:59 AM - 


7/22/2018 8:32:59 AM - Duplicate Check >> Shop : 1162 User Name : Peter Ranells with no. of customers : 1568

7/22/2018 8:32:59 AM - got customer with identifire for : Peter Ranells

7/22/2018 8:32:59 AM - 


7/22/2018 8:32:59 AM - update Method Starts for shop : 1162 old User : 2879364 for user : Peter Ranells

7/22/2018 8:33:01 AM - 


7/22/2018 8:33:03 AM - 


7/22/2018 8:33:03 AM - Duplicate Check >> Shop : 1162 User Name : ROBERT WILSON with no. of customers : 1568

7/22/2018 8:33:03 AM - got customer with identifire for : ROBERT WILSON

7/22/2018 8:33:03 AM - 


7/22/2018 8:33:03 AM - update Method Starts for shop : 1162 old User : 2859322 for user : ROBERT WILSON

7/22/2018 8:33:03 AM - 


7/22/2018 8:33:04 AM - 


7/22/2018 8:33:04 AM - Duplicate Check >> Shop : 1162 User Name : Scott Stirton with no. of customers : 1568

7/22/2018 8:33:04 AM - got customer with identifire for : Scott Stirton

7/22/2018 8:33:04 AM - 


7/22/2018 8:33:04 AM - update Method Starts for shop : 1162 old User : 2878232 for user : Scott Stirton

7/22/2018 8:33:04 AM - 


7/22/2018 8:33:05 AM - 


7/22/2018 8:33:05 AM - Duplicate Check >> Shop : 1162 User Name : TERESA NOZKA with no. of customers : 1568

7/22/2018 8:33:05 AM - got customer with identifire for : TERESA NOZKA

7/22/2018 8:33:05 AM - 


7/22/2018 8:33:05 AM - update Method Starts for shop : 1162 old User : 2889249 for user : TERESA NOZKA

7/22/2018 8:33:05 AM - 


7/22/2018 8:43:08 AM - 


7/22/2018 8:43:08 AM - Duplicate Check >> Shop : 1162 User Name : CLAIRE LUPINSKY with no. of customers : 1568

7/22/2018 8:43:08 AM - got customer with identifire for : CLAIRE LUPINSKY

7/22/2018 8:43:08 AM - 


7/22/2018 8:43:08 AM - update Method Starts for shop : 1162 old User : 2812218 for user : CLAIRE LUPINSKY

7/22/2018 8:43:12 AM - 


7/22/2018 8:53:38 AM - 


7/22/2018 8:53:38 AM - Duplicate Check >> Shop : 1162 User Name :   with no. of customers : 1568

7/22/2018 8:53:38 AM - got customer with identifire for :  

7/22/2018 8:53:38 AM - 


7/22/2018 8:53:38 AM - update Method Starts for shop : 1162 old User : 2874245 for user :  

7/22/2018 8:53:38 AM - 


7/22/2018 8:53:39 AM - 


7/22/2018 8:53:39 AM - Duplicate Check >> Shop : 1162 User Name :   with no. of customers : 1568

7/22/2018 8:53:39 AM - got customer with identifire for :  

7/22/2018 8:53:39 AM - 


7/22/2018 8:53:39 AM - update Method Starts for shop : 1162 old User : 2888927 for user :  

7/22/2018 8:53:41 AM - 


7/22/2018 8:53:43 AM - 


7/22/2018 8:53:43 AM - Duplicate Check >> Shop : 1162 User Name :   with no. of customers : 1568

7/22/2018 8:53:43 AM - 


7/22/2018 8:53:43 AM - update Method Starts for shop : 1162 old User : 2879461 for user :  

7/22/2018 8:53:43 AM - 


7/22/2018 8:53:45 AM - 


7/22/2018 8:53:45 AM - Duplicate Check >> Shop : 1162 User Name :   with no. of customers : 1568

7/22/2018 8:53:45 AM - got customer with identifire for :  

7/22/2018 8:53:45 AM - 


7/22/2018 8:53:45 AM - update Method Starts for shop : 1162 old User : 2593064 for user :  

7/22/2018 8:53:45 AM - 


7/22/2018 8:53:45 AM - 


7/22/2018 8:53:45 AM - Duplicate Check >> Shop : 1162 User Name :   with no. of customers : 1568

7/22/2018 8:53:45 AM - got customer with identifire for :  

7/22/2018 8:53:45 AM - 


7/22/2018 8:53:45 AM - update Method Starts for shop : 1162 old User : 2860263 for user :  

7/22/2018 8:53:45 AM - 


7/22/2018 8:53:49 AM - 


7/22/2018 8:53:49 AM - Duplicate Check >> Shop : 1162 User Name :   with no. of customers : 1568

7/22/2018 8:53:49 AM - got customer with identifire for :  

7/22/2018 8:53:49 AM - 


7/22/2018 8:53:49 AM - update Method Starts for shop : 1162 old User : 2876730 for user :  

7/22/2018 8:53:49 AM - 


7/22/2018 8:53:51 AM - 


7/22/2018 8:53:51 AM - Duplicate Check >> Shop : 1162 User Name :   with no. of customers : 1568

7/22/2018 8:53:51 AM - got customer with identifire for :  

7/22/2018 8:53:51 AM - 


7/22/2018 8:53:51 AM - update Method Starts for shop : 1162 old User : 2887496 for user :  

7/22/2018 8:53:51 AM - 


7/22/2018 8:53:52 AM - 


7/22/2018 8:53:52 AM - Duplicate Check >> Shop : 1162 User Name :   with no. of customers : 1568

7/22/2018 8:53:52 AM - got customer with identifire for :  

7/22/2018 8:53:52 AM - 


7/22/2018 8:53:52 AM - update Method Starts for shop : 1162 old User : 2887318 for user :  

7/22/2018 8:53:52 AM - 


7/22/2018 8:53:53 AM - 


7/22/2018 8:53:53 AM - Duplicate Check >> Shop : 1162 User Name :   with no. of customers : 1568

7/22/2018 8:53:53 AM - got customer with identifire for :  

7/22/2018 8:53:53 AM - 


7/22/2018 8:53:53 AM - update Method Starts for shop : 1162 old User : 2879449 for user :  

7/22/2018 8:53:53 AM - 


7/22/2018 8:53:54 AM - 


7/22/2018 8:53:54 AM - Duplicate Check >> Shop : 1162 User Name :   with no. of customers : 1568

7/22/2018 8:53:54 AM - got customer with identifire for :  

7/22/2018 8:53:54 AM - 


7/22/2018 8:53:54 AM - update Method Starts for shop : 1162 old User : 2878160 for user :  

7/22/2018 8:53:54 AM - 


7/22/2018 8:53:56 AM - 


7/22/2018 8:53:56 AM - Duplicate Check >> Shop : 1162 User Name :   with no. of customers : 1568

7/22/2018 8:53:56 AM - got customer with identifire for :  

7/22/2018 8:53:56 AM - 


7/22/2018 8:53:56 AM - update Method Starts for shop : 1162 old User : 2859457 for user :  

7/22/2018 8:53:56 AM - 


7/22/2018 8:53:57 AM - 


7/22/2018 8:53:57 AM - Duplicate Check >> Shop : 1162 User Name :   with no. of customers : 1568

7/22/2018 8:53:57 AM - got customer with identifire for :  

7/22/2018 8:53:57 AM - 


7/22/2018 8:53:57 AM - update Method Starts for shop : 1162 old User : 2873980 for user :  

7/22/2018 8:53:57 AM - 


7/22/2018 8:53:57 AM - 


7/22/2018 8:53:57 AM - Duplicate Check >> Shop : 1162 User Name :   with no. of customers : 1568

7/22/2018 8:53:57 AM - 


7/22/2018 8:53:57 AM - update Method Starts for shop : 1162 old User : 2879461 for user :  

7/22/2018 8:53:57 AM - 


7/22/2018 8:53:59 AM - 


7/22/2018 8:53:59 AM - Duplicate Check >> Shop : 1162 User Name :   with no. of customers : 1568

7/22/2018 8:53:59 AM - got customer with identifire for :  

7/22/2018 8:53:59 AM - 


7/22/2018 8:53:59 AM - update Method Starts for shop : 1162 old User : 2890104 for user :  

7/22/2018 8:53:59 AM - 


7/22/2018 8:53:59 AM - 


7/22/2018 8:53:59 AM - Duplicate Check >> Shop : 1162 User Name :   with no. of customers : 1568

7/22/2018 8:53:59 AM - got customer with identifire for :  

7/22/2018 8:53:59 AM - 


7/22/2018 8:53:59 AM - update Method Starts for shop : 1162 old User : 2593071 for user :  

7/22/2018 8:53:59 AM - 


7/22/2018 8:54:00 AM - 


7/22/2018 8:54:00 AM - Duplicate Check >> Shop : 1162 User Name :   with no. of customers : 1568

7/22/2018 8:54:00 AM - 


7/22/2018 8:54:00 AM - update Method Starts for shop : 1162 old User : 2879461 for user :  

7/22/2018 8:54:00 AM - 


7/22/2018 8:54:02 AM - 


7/22/2018 8:54:02 AM - Duplicate Check >> Shop : 1162 User Name :   with no. of customers : 1568

7/22/2018 8:54:02 AM - got customer with identifire for :  

7/22/2018 8:54:02 AM - 


7/22/2018 8:54:02 AM - update Method Starts for shop : 1162 old User : 2858289 for user :  

7/22/2018 8:54:02 AM - 


7/22/2018 8:54:03 AM - 


7/22/2018 8:54:03 AM - Duplicate Check >> Shop : 1162 User Name :   with no. of customers : 1568

7/22/2018 8:54:03 AM - got customer with identifire for :  

7/22/2018 8:54:03 AM - 


7/22/2018 8:54:03 AM - update Method Starts for shop : 1162 old User : 2858288 for user :  

7/22/2018 8:54:04 AM - 


7/22/2018 8:54:04 AM - 


7/22/2018 8:54:04 AM - Duplicate Check >> Shop : 1162 User Name :   with no. of customers : 1568

7/22/2018 8:54:04 AM - got customer with identifire for :  

7/22/2018 8:54:04 AM - 


7/22/2018 8:54:04 AM - update Method Starts for shop : 1162 old User : 2876793 for user :  

7/22/2018 8:54:04 AM - 


7/22/2018 8:54:07 AM - 


7/22/2018 8:54:07 AM - Duplicate Check >> Shop : 1162 User Name :   with no. of customers : 1568

7/22/2018 8:54:07 AM - got customer with identifire for :  

7/22/2018 8:54:07 AM - 


7/22/2018 8:54:07 AM - update Method Starts for shop : 1162 old User : 2872738 for user :  

7/22/2018 8:54:07 AM - 


7/22/2018 8:54:10 AM - 


7/22/2018 8:54:10 AM - Duplicate Check >> Shop : 1162 User Name :  AL TAWIL with no. of customers : 1568

7/22/2018 8:54:10 AM - got customer with identifire for :  AL TAWIL

7/22/2018 8:54:10 AM - 


7/22/2018 8:54:10 AM - update Method Starts for shop : 1162 old User : 2656002 for user :  AL TAWIL

7/22/2018 8:54:10 AM - 


7/22/2018 8:54:11 AM - 


7/22/2018 8:54:11 AM - Duplicate Check >> Shop : 1162 User Name :  Budds BMW Oakville with no. of customers : 1568

7/22/2018 8:54:12 AM - got customer with identifire for :  Budds BMW Oakville

7/22/2018 8:54:12 AM - 


7/22/2018 8:54:12 AM - update Method Starts for shop : 1162 old User : 2890572 for user :  Budds BMW Oakville

7/22/2018 8:54:12 AM - 


7/22/2018 8:54:12 AM - 


7/22/2018 8:54:12 AM - Duplicate Check >> Shop : 1162 User Name :  DAVID MORO with no. of customers : 1568

7/22/2018 8:54:12 AM - got customer with identifire for :  DAVID MORO

7/22/2018 8:54:12 AM - 


7/22/2018 8:54:12 AM - update Method Starts for shop : 1162 old User : 2866188 for user :  DAVID MORO

7/22/2018 8:54:12 AM - 


7/22/2018 8:54:14 AM - 


7/22/2018 8:54:14 AM - Duplicate Check >> Shop : 1162 User Name : Aaron Mou with no. of customers : 1568

7/22/2018 8:54:14 AM - got customer with identifire for : Aaron Mou

7/22/2018 8:54:14 AM - 


7/22/2018 8:54:14 AM - update Method Starts for shop : 1162 old User : 2888401 for user : Aaron Mou

7/22/2018 8:54:16 AM - 


7/22/2018 8:54:17 AM - 


7/22/2018 8:54:17 AM - Duplicate Check >> Shop : 1162 User Name : ADAM GRANT with no. of customers : 1568

7/22/2018 8:54:17 AM - got customer with identifire for : ADAM GRANT

7/22/2018 8:54:17 AM - 


7/22/2018 8:54:17 AM - update Method Starts for shop : 1162 old User : 2861057 for user : ADAM GRANT

7/22/2018 8:54:18 AM - 


7/22/2018 8:54:18 AM - 


7/22/2018 8:54:18 AM - Duplicate Check >> Shop : 1162 User Name : AKRAM MOHAMMED with no. of customers : 1568

7/22/2018 8:54:18 AM - got customer with identifire for : AKRAM MOHAMMED

7/22/2018 8:54:18 AM - 


7/22/2018 8:54:18 AM - update Method Starts for shop : 1162 old User : 2858295 for user : AKRAM MOHAMMED

7/22/2018 8:54:19 AM - 


7/22/2018 8:54:19 AM - 


7/22/2018 8:54:19 AM - Duplicate Check >> Shop : 1162 User Name : AMIN MULJI with no. of customers : 1568

7/22/2018 8:54:19 AM - got customer with identifire for : AMIN MULJI

7/22/2018 8:54:19 AM - 


7/22/2018 8:54:19 AM - update Method Starts for shop : 1162 old User : 2858296 for user : AMIN MULJI

7/22/2018 8:54:21 AM - 


7/22/2018 8:54:23 AM - 


7/22/2018 8:54:23 AM - Duplicate Check >> Shop : 1162 User Name : ARNOLDO BONILLA with no. of customers : 1568

7/22/2018 8:54:23 AM - got customer with identifire for : ARNOLDO BONILLA

7/22/2018 8:54:23 AM - 


7/22/2018 8:54:23 AM - update Method Starts for shop : 1162 old User : 1462358 for user : ARNOLDO BONILLA

7/22/2018 8:54:23 AM - 


7/22/2018 8:54:25 AM - 


7/22/2018 8:54:25 AM - Duplicate Check >> Shop : 1162 User Name : BOB AND /OR NAWAL MEHANY with no. of customers : 1568

7/22/2018 8:54:25 AM - got customer with identifire for : BOB AND /OR NAWAL MEHANY

7/22/2018 8:54:25 AM - 


7/22/2018 8:54:25 AM - update Method Starts for shop : 1162 old User : 2874681 for user : BOB AND /OR NAWAL MEHANY

7/22/2018 8:54:25 AM - 


7/22/2018 8:54:26 AM - 


7/22/2018 8:54:26 AM - Duplicate Check >> Shop : 1162 User Name : Caterina Antonic with no. of customers : 1568

7/22/2018 8:54:26 AM - got customer with identifire for : Caterina Antonic

7/22/2018 8:54:26 AM - 


7/22/2018 8:54:26 AM - update Method Starts for shop : 1162 old User : 2893426 for user : Caterina Antonic

7/22/2018 8:54:26 AM - 


7/22/2018 8:54:28 AM - 


7/22/2018 8:54:29 AM - Duplicate Check >> Shop : 1162 User Name : CLAIRE KEYES with no. of customers : 1568

7/22/2018 8:54:29 AM - got customer with identifire for : CLAIRE KEYES

7/22/2018 8:54:29 AM - 


7/22/2018 8:54:29 AM - update Method Starts for shop : 1162 old User : 2866031 for user : CLAIRE KEYES

7/22/2018 8:54:29 AM - 


7/22/2018 8:54:31 AM - 


7/22/2018 8:54:31 AM - Duplicate Check >> Shop : 1162 User Name : CLINTON HOWELL with no. of customers : 1568

7/22/2018 8:54:31 AM - got customer with identifire for : CLINTON HOWELL

7/22/2018 8:54:31 AM - 


7/22/2018 8:54:31 AM - update Method Starts for shop : 1162 old User : 2860235 for user : CLINTON HOWELL

7/22/2018 8:54:31 AM - 


7/22/2018 8:54:32 AM - 


7/22/2018 8:54:32 AM - Duplicate Check >> Shop : 1162 User Name : COLEEN SILVEIRA with no. of customers : 1568

7/22/2018 8:54:32 AM - got customer with identifire for : COLEEN SILVEIRA

7/22/2018 8:54:32 AM - 


7/22/2018 8:54:32 AM - update Method Starts for shop : 1162 old User : 2858300 for user : COLEEN SILVEIRA

7/22/2018 8:54:33 AM - 


7/22/2018 8:54:34 AM - 


7/22/2018 8:54:34 AM - Duplicate Check >> Shop : 1162 User Name : DAVE SHATILLA with no. of customers : 1568

7/22/2018 8:54:34 AM - got customer with identifire for : DAVE SHATILLA

7/22/2018 8:54:34 AM - 


7/22/2018 8:54:34 AM - update Method Starts for shop : 1162 old User : 2879462 for user : DAVE SHATILLA

7/22/2018 8:54:34 AM - 


7/22/2018 8:54:35 AM - 


7/22/2018 8:54:35 AM - Duplicate Check >> Shop : 1162 User Name : Erich Horst with no. of customers : 1568

7/22/2018 8:54:35 AM - got customer with identifire for : Erich Horst

7/22/2018 8:54:35 AM - 


7/22/2018 8:54:35 AM - update Method Starts for shop : 1162 old User : 2636181 for user : Erich Horst

7/22/2018 8:54:35 AM - 


7/22/2018 8:54:36 AM - 


7/22/2018 8:54:36 AM - Duplicate Check >> Shop : 1162 User Name : HINA SAKLANI with no. of customers : 1568

7/22/2018 8:54:36 AM - got customer with identifire for : HINA SAKLANI

7/22/2018 8:54:36 AM - 


7/22/2018 8:54:36 AM - update Method Starts for shop : 1162 old User : 2887350 for user : HINA SAKLANI

7/22/2018 8:54:36 AM - 


7/22/2018 8:54:38 AM - 


7/22/2018 8:54:38 AM - Duplicate Check >> Shop : 1162 User Name : HOANG HUYNH with no. of customers : 1568

7/22/2018 8:54:38 AM - got customer with identifire for : HOANG HUYNH

7/22/2018 8:54:38 AM - 


7/22/2018 8:54:38 AM - update Method Starts for shop : 1162 old User : 2858304 for user : HOANG HUYNH

7/22/2018 8:54:38 AM - 


7/22/2018 8:54:40 AM - 


7/22/2018 8:54:40 AM - Duplicate Check >> Shop : 1162 User Name : JAFRI NABEEL with no. of customers : 1568

7/22/2018 8:54:40 AM - got customer with identifire for : JAFRI NABEEL

7/22/2018 8:54:40 AM - 


7/22/2018 8:54:40 AM - update Method Starts for shop : 1162 old User : 2890568 for user : JAFRI NABEEL

7/22/2018 8:54:40 AM - 


7/22/2018 8:54:41 AM - 


7/22/2018 8:54:41 AM - Duplicate Check >> Shop : 1162 User Name : JENNIFER MARSHALL with no. of customers : 1568

7/22/2018 8:54:41 AM - got customer with identifire for : JENNIFER MARSHALL

7/22/2018 8:54:41 AM - 


7/22/2018 8:54:41 AM - update Method Starts for shop : 1162 old User : 2858306 for user : JENNIFER MARSHALL

7/22/2018 8:54:41 AM - 


7/22/2018 8:54:42 AM - 


7/22/2018 8:54:42 AM - Duplicate Check >> Shop : 1162 User Name : JUSTIN KHETANI with no. of customers : 1568

7/22/2018 8:54:42 AM - got customer with identifire for : JUSTIN KHETANI

7/22/2018 8:54:42 AM - 


7/22/2018 8:54:42 AM - update Method Starts for shop : 1162 old User : 2858307 for user : JUSTIN KHETANI

7/22/2018 8:54:43 AM - 


7/22/2018 8:54:44 AM - 


7/22/2018 8:54:44 AM - Duplicate Check >> Shop : 1162 User Name : KIROLOS MILIO with no. of customers : 1568

7/22/2018 8:54:44 AM - got customer with identifire for : KIROLOS MILIO

7/22/2018 8:54:44 AM - 


7/22/2018 8:54:44 AM - update Method Starts for shop : 1162 old User : 2868331 for user : KIROLOS MILIO

7/22/2018 8:54:44 AM - 


7/22/2018 8:54:45 AM - 


7/22/2018 8:54:45 AM - Duplicate Check >> Shop : 1162 User Name : LAURA SANIN with no. of customers : 1568

7/22/2018 8:54:45 AM - got customer with identifire for : LAURA SANIN

7/22/2018 8:54:45 AM - 


7/22/2018 8:54:45 AM - update Method Starts for shop : 1162 old User : 2860147 for user : LAURA SANIN

7/22/2018 8:54:45 AM - 


7/22/2018 8:54:46 AM - 


7/22/2018 8:54:46 AM - Duplicate Check >> Shop : 1162 User Name : LYDIA MORITZ with no. of customers : 1568

7/22/2018 8:54:46 AM - got customer with identifire for : LYDIA MORITZ

7/22/2018 8:54:46 AM - 


7/22/2018 8:54:46 AM - update Method Starts for shop : 1162 old User : 2858312 for user : LYDIA MORITZ

7/22/2018 8:54:46 AM - 


7/22/2018 8:54:47 AM - 


7/22/2018 8:54:47 AM - Duplicate Check >> Shop : 1162 User Name : MARILYN MCGOWN with no. of customers : 1568

7/22/2018 8:54:47 AM - got customer with identifire for : MARILYN MCGOWN

7/22/2018 8:54:47 AM - 


7/22/2018 8:54:47 AM - update Method Starts for shop : 1162 old User : 2872833 for user : MARILYN MCGOWN

7/22/2018 8:54:47 AM - 


7/22/2018 8:54:48 AM - 


7/22/2018 8:54:48 AM - Duplicate Check >> Shop : 1162 User Name : MARK THOMAS with no. of customers : 1568

7/22/2018 8:54:48 AM - got customer with identifire for : MARK THOMAS

7/22/2018 8:54:48 AM - 


7/22/2018 8:54:48 AM - update Method Starts for shop : 1162 old User : 2867385 for user : MARK THOMAS

7/22/2018 8:54:48 AM - 


7/22/2018 8:54:49 AM - 


7/22/2018 8:54:49 AM - Duplicate Check >> Shop : 1162 User Name : MARTINE FRECHETTE with no. of customers : 1568

7/22/2018 8:54:49 AM - got customer with identifire for : MARTINE FRECHETTE

7/22/2018 8:54:49 AM - 


7/22/2018 8:54:49 AM - update Method Starts for shop : 1162 old User : 2858314 for user : MARTINE FRECHETTE

7/22/2018 8:54:49 AM - 


7/22/2018 8:54:49 AM - 


7/22/2018 8:54:49 AM - Duplicate Check >> Shop : 1162 User Name : NELLY TOLEDO with no. of customers : 1568

7/22/2018 8:54:49 AM - got customer with identifire for : NELLY TOLEDO

7/22/2018 8:54:49 AM - 


7/22/2018 8:54:49 AM - update Method Starts for shop : 1162 old User : 1462100 for user : NELLY TOLEDO

7/22/2018 8:54:49 AM - 


7/22/2018 8:54:50 AM - 


7/22/2018 8:54:50 AM - Duplicate Check >> Shop : 1162 User Name : PAWLICK STEPHEN with no. of customers : 1568

7/22/2018 8:54:50 AM - got customer with identifire for : PAWLICK STEPHEN

7/22/2018 8:54:50 AM - 


7/22/2018 8:54:50 AM - update Method Starts for shop : 1162 old User : 2605065 for user : PAWLICK STEPHEN

7/22/2018 8:54:50 AM - 


7/22/2018 8:54:52 AM - 


7/22/2018 8:54:52 AM - Duplicate Check >> Shop : 1162 User Name : Peter Ranells with no. of customers : 1568

7/22/2018 8:54:52 AM - got customer with identifire for : Peter Ranells

7/22/2018 8:54:52 AM - 


7/22/2018 8:54:52 AM - update Method Starts for shop : 1162 old User : 2879364 for user : Peter Ranells

7/22/2018 8:54:52 AM - 


7/22/2018 8:54:53 AM - 


7/22/2018 8:54:53 AM - Duplicate Check >> Shop : 1162 User Name : ROBERT WILSON with no. of customers : 1568

7/22/2018 8:54:53 AM - got customer with identifire for : ROBERT WILSON

7/22/2018 8:54:53 AM - 


7/22/2018 8:54:53 AM - update Method Starts for shop : 1162 old User : 2859322 for user : ROBERT WILSON

7/22/2018 8:54:53 AM - 


7/22/2018 8:54:55 AM - 


7/22/2018 8:54:55 AM - Duplicate Check >> Shop : 1162 User Name : Scott Stirton with no. of customers : 1568

7/22/2018 8:54:55 AM - got customer with identifire for : Scott Stirton

7/22/2018 8:54:55 AM - 


7/22/2018 8:54:55 AM - update Method Starts for shop : 1162 old User : 2878232 for user : Scott Stirton

7/22/2018 8:54:55 AM - 


7/22/2018 8:54:56 AM - 


7/22/2018 8:54:56 AM - Duplicate Check >> Shop : 1162 User Name : TERESA NOZKA with no. of customers : 1568

7/22/2018 8:54:56 AM - got customer with identifire for : TERESA NOZKA

7/22/2018 8:54:56 AM - 


7/22/2018 8:54:56 AM - update Method Starts for shop : 1162 old User : 2889249 for user : TERESA NOZKA

7/22/2018 8:54:56 AM - 


7/22/2018 3:25:24 PM - 


7/22/2018 3:25:24 PM - Duplicate Check >> Shop : 1162 User Name : REBECCA SCHREIER with no. of customers : 1568

7/22/2018 3:25:25 PM - 


7/22/2018 3:25:25 PM -  - - - - - New User Method Starts

7/22/2018 3:25:25 PM - shop : 1162 New User : 2894121 usename : REBECCA SCHREIER

7/22/2018 3:25:25 PM - RO Number: 0

7/22/2018 3:25:25 PM - Date In : 12/30/1899 12:00:00 AM

7/22/2018 3:25:25 PM - RO Complition Date: 12/30/1899 12:00:00 AM

7/22/2018 3:25:25 PM - Tar Date Out: 12/30/1899 12:00:00 AM

7/22/2018 3:25:32 PM - shop : 1162 New User : 2894121 usename : REBECCA SCHREIER

7/22/2018 3:25:32 PM -  - - - - - New User Method Ends

7/22/2018 3:25:32 PM - 


7/22/2018 3:50:38 PM - 


7/22/2018 3:50:38 PM - Duplicate Check >> Shop : 1162 User Name : REBECCA SCHREIER with no. of customers : 1569

7/22/2018 3:50:38 PM - got customer with identifire for : REBECCA SCHREIER

7/22/2018 3:50:38 PM - 


7/22/2018 3:50:38 PM - update Method Starts for shop : 1162 old User : 2894121 for user : REBECCA SCHREIER

7/22/2018 3:51:06 PM - 


